Aug 29 20:30 : exception: Failed to open '/home/leore/.config/mpd/mpdstate': No such file or directory
Aug 29 20:30 : update: added Europe/Europe - The Final Countdown Official Video.mp3
Aug 29 20:30 : update: added OMORI/OMORI OST - 076 Sweet Paralysis.mp3
Aug 29 20:30 : update: added OMORI/OMORI OST - 092 Dear Little Brother.mp3
Aug 29 20:30 : update: added OMORI/OMORI OST - 025 Lovesick - 80000 Lightyears.mp3
Aug 29 20:30 : update: added OMORI/Omori OST - 168 OMORI & 169 OMORI - ALTER.mp3
Aug 29 20:30 : update: added OMORI/OMORI OST - 180 Fight Your Friends.mp3
Aug 29 20:30 : update: added OMORI/OMORI OST - 172 DUET.mp3
Aug 29 20:30 : update: added OMORI/OMORI OST - 177 Good Morning.mp3
Aug 29 20:30 : update: added OMORI/OMORI OST - 040 You Were Wrong Go Back.mp3
Aug 29 20:30 : update: added OMORI/OMORI OST - 106 GOLDENVENGEANCE.mp3
Aug 29 20:30 : update: added OMORI/OMORI OST - 155 Treehouse - Here We Are Together Again.mp3
Aug 29 20:30 : update: added OMORI/OMORI OST - 005 By Your Side.mp3
Aug 29 20:30 : update: added OMORI/OMORI OST - 007 100 Sunny.mp3
Aug 29 20:30 : update: added OMORI/OMORI OST - 064 Arachnophobia.mp3
Aug 29 20:30 : update: added OMORI/OMORI OST - 178 My Time.mp3
Aug 29 20:30 : update: added OMORI/OMORI OST - 032 Stardust Diving.mp3
Aug 29 20:30 : update: added OMORI/OMORI OST - 014 Acrophobia.mp3
Aug 29 20:30 : update: added OMORI/OMORI OST - 005 By Your Side (Cemetery version).mp3
Aug 29 20:30 : update: added OMORI/OMORI OST - 105 Jawbreaker.mp3
Aug 29 20:30 : update: added OMORI/OMORI OST - 086 Worlds End Valentine.mp3
Aug 29 20:30 : update: added OMORI/OMORI OST - 023 THE VENGEANCE OF THOSE FORGOTTEN IN DARKNESS.mp3
Aug 29 20:30 : update: added OMORI/OMORI OST - 093 Thalassophobia.mp3
Aug 29 20:30 : update: added Led Zeppelin/Stairway to Heaven.mp3
Aug 29 20:30 : update: added Spiderman PS4/Marvels Spider-Man (Spider-Man PS4) - Main Theme (Full).mp3
Aug 29 20:30 : update: added Spiderman PS4/Marvels Spider-Man Miles Morales - Main Theme (Full).mp3
Aug 29 20:30 : update: added Spiderman PS4/Fighting Back.mp3
Aug 29 20:30 : update: added Spiderman PS4/A Second Chance  Marvels Spider-Man 2 OST.mp3
Aug 29 20:30 : update: added Toto/Toto - Africa.mp3
Aug 29 20:30 : update: added Toto/ill-be-over-you-with-lyrics-by-toto.mp3
Aug 29 20:30 : update: added Toto/rosanna-official-music-video.mp3
Aug 29 20:30 : update: added Blue Swede/1 Blue Swede - Hooked on a Feeling.mp3
Aug 29 20:30 : update: added Evanescence/tourniquet.mp3
Aug 29 20:30 : update: added Evanescence/Evanescence - Bring Me To Life.mp3
Aug 29 20:30 : update: added Undertale/Waterfall.mp3
Aug 29 20:30 : update: added Undertale/Ghost Fight.mp3
Aug 29 20:30 : update: added Undertale/Alphys.mp3
Aug 29 20:30 : update: added Undertale/NyeheheBonestrousle.mp3
Aug 29 20:30 : update: added Undertale/Undertale.mp3
Aug 29 20:30 : update: added Undertale/Dating Start.mp3
Aug 29 20:30 : update: added Undertale/Dummy.mp3
Aug 29 20:30 : update: added Undertale/Battle Against a True Hero.mp3
Aug 29 20:30 : update: added Undertale/Once Upon a Time.mp3
Aug 29 20:30 : update: added Undertale/Megalovania.mp3
Aug 29 20:30 : update: added Undertale/Spear of Justice.mp3
Aug 29 20:30 : update: added Undertale/Metal Crusher.mp3
Aug 29 20:30 : update: added Undertale/Spider Dance.mp3
Aug 29 20:30 : update: added Undertale/Shop.mp3
Aug 29 20:30 : update: added Undertale/Heartache.mp3
Aug 29 20:30 : update: added Undertale/Death by Glamour.mp3
Aug 29 20:30 : update: added Undertale/Hopes and Dreams.mp3
Aug 29 20:30 : update: added Undertale/I Miss You - EarthBound 2012  Toby Fox  Megalo Strike Back.mp3
Aug 29 20:30 : update: added Undertale/Snowdin Town.mp3
Aug 29 20:30 : update: added Undertale/Home.mp3
Aug 29 20:30 : update: added Undertale/Asgore.mp3
Aug 29 20:30 : update: added Sleeping At Last/Yearbook/January/the-ash-is-in-our-clothes.mp3
Aug 29 20:30 : update: added Sleeping At Last/Yearbook/January/january-white.mp3
Aug 29 20:30 : update: added Sleeping At Last/Yearbook/January/wires.mp3
Aug 29 20:30 : update: added Sleeping At Last/Yearbook/December/accidental-light.mp3
Aug 29 20:30 : update: added Sleeping At Last/Yearbook/December/Snow - Sleeping At Last.mp3
Aug 29 20:30 : update: added Sleeping At Last/Yearbook/December/From the Ground Up.mp3
Aug 29 20:30 : update: added Sleeping At Last/Yearbook/October/watermark-by-sleeping-at-last.mp3
Aug 29 20:30 : update: added Sleeping At Last/Yearbook/October/homesick-by-sleeping-at-last.mp3
Aug 29 20:30 : update: added Sleeping At Last/Yearbook/October/next-to-me.mp3
Aug 29 20:30 : update: added Sleeping At Last/Yearbook/August/Households.mp3
Aug 29 20:30 : update: added Sleeping At Last/Yearbook/August/no-argument.mp3
Aug 29 20:30 : update: added Sleeping At Last/Yearbook/August/page-28.mp3
Aug 29 20:30 : update: added Sleeping At Last/Yearbook/June/hourglass.mp3
Aug 29 20:30 : update: added Sleeping At Last/Yearbook/June/the-sea-of-atlas.mp3
Aug 29 20:30 : update: added Sleeping At Last/Yearbook/June/atlantic.mp3
Aug 29 20:30 : update: added Sleeping At Last/Yearbook/March/pacific-sleeping-at-last.mp3
Aug 29 20:30 : update: added Sleeping At Last/Yearbook/March/birthright-feat-jon-foreman-by-sleeping-at-last.mp3
Aug 29 20:30 : update: added Sleeping At Last/Yearbook/March/outlines.mp3
Aug 29 20:30 : update: added Sleeping At Last/Yearbook/April/Tethered.mp3
Aug 29 20:30 : update: added Sleeping At Last/Yearbook/April/In the Meantime.mp3
Aug 29 20:30 : update: added Sleeping At Last/Yearbook/April/intermission.mp3
Aug 29 20:30 : update: added Sleeping At Last/Yearbook/May/pacific-blues.mp3
Aug 29 20:30 : update: added Sleeping At Last/Yearbook/May/segue.mp3
Aug 29 20:30 : update: added Sleeping At Last/Yearbook/May/silhouettes.mp3
Aug 29 20:30 : update: added Sleeping At Last/Yearbook/February/land-or-sea.mp3
Aug 29 20:30 : update: added Sleeping At Last/Yearbook/February/dear-true-love.mp3
Aug 29 20:30 : update: added Sleeping At Last/Yearbook/February/learning-curve.mp3
Aug 29 20:30 : update: added Sleeping At Last/Yearbook/November/101010.mp3
Aug 29 20:30 : update: added Sleeping At Last/Yearbook/November/emphasis-by-sleeping-at-last.mp3
Aug 29 20:30 : update: added Sleeping At Last/Yearbook/November/Bright and early.mp3
Aug 29 20:30 : update: added Sleeping At Last/Yearbook/September/goes-on-and-on.mp3
Aug 29 20:30 : update: added Sleeping At Last/Yearbook/September/resolve.mp3
Aug 29 20:30 : update: added Sleeping At Last/Yearbook/September/noble-aim.mp3
Aug 29 20:30 : update: added Sleeping At Last/Yearbook/July/hit-or-miss.mp3
Aug 29 20:30 : update: added Sleeping At Last/Yearbook/July/aperture.mp3
Aug 29 20:30 : update: added Sleeping At Last/Yearbook/July/wilderness.mp3
Aug 29 20:30 : update: added Sleeping At Last/Enneagram (Instrumental)/nine-the-peacemaker-instrumental.mp3
Aug 29 20:30 : update: added Sleeping At Last/Enneagram (Instrumental)/EightInstrumental.mp3
Aug 29 20:30 : update: added Sleeping At Last/Enneagram (Instrumental)/one-the-reformer-instrumental.mp3
Aug 29 20:30 : update: added Sleeping At Last/Enneagram (Instrumental)/TwoInstrumental.mp3
Aug 29 20:30 : update: added Sleeping At Last/Enneagram (Instrumental)/ThreeInstrumental.mp3
Aug 29 20:30 : update: added Sleeping At Last/Enneagram (Instrumental)/SevenInstrumental.mp3
Aug 29 20:30 : update: added Sleeping At Last/Enneagram (Instrumental)/SixInstrumental.mp3
Aug 29 20:30 : update: added Sleeping At Last/Enneagram (Instrumental)/four-the-individualist-instrumental.mp3
Aug 29 20:30 : update: added Sleeping At Last/Enneagram (Instrumental)/FiveInstrumental.mp3
Aug 29 20:30 : update: added Sleeping At Last/Atlas - Year One/Oceans/atlantic-sleeping-at-last.mp3
Aug 29 20:30 : update: added Sleeping At Last/Atlas - Year One/Oceans/southern-sleeping-at-last.mp3
Aug 29 20:30 : update: added Sleeping At Last/Atlas - Year One/Oceans/indian-sleeping-at-last.mp3
Aug 29 20:30 : update: added Sleeping At Last/Atlas - Year One/Oceans/pacific-sleeping-at-last.mp3
Aug 29 20:30 : update: added Sleeping At Last/Atlas - Year One/Oceans/arctic-sleeping-at-last.mp3
Aug 29 20:30 : update: added Sleeping At Last/Atlas - Year One/Land/West - Sleeping At Last (Micro Music Video).mp3
Aug 29 20:30 : update: added Sleeping At Last/Atlas - Year One/Land/North - Sleeping At Last (Micro Music Video).mp3
Aug 29 20:30 : update: added Sleeping At Last/Atlas - Year One/Land/South  Sleeping At Last.mp3
Aug 29 20:30 : update: added Sleeping At Last/Atlas - Year One/Land/East  Sleeping At Last.mp3
Aug 29 20:30 : update: added Sleeping At Last/Atlas - Year One/Darkness/bad-blood-sleeping-at-last.mp3
Aug 29 20:30 : update: added Sleeping At Last/Atlas - Year One/Darkness/Overture.mp3
Aug 29 20:30 : update: added Sleeping At Last/Atlas - Year One/Darkness/I ll Keep You Safe Lyrics video.mp3
Aug 29 20:30 : update: added Sleeping At Last/Atlas - Year One/Darkness/uneven-odds-sleeping-at-last.mp3
Aug 29 20:30 : update: added Sleeping At Last/Atlas - Year One/Darkness/woodwork-sleeping-at-last.mp3
Aug 29 20:30 : update: added Sleeping At Last/Atlas - Year One/Darkness/OvertureInstrumental.mp3
Aug 29 20:30 : update: added Sleeping At Last/Atlas - Year One/Space I/mars-sleeping-at-last.mp3
Aug 29 20:30 : update: added Sleeping At Last/Atlas - Year One/Space I/venus-sleeping-at-last.mp3
Aug 29 20:30 : update: added Sleeping At Last/Atlas - Year One/Space I/sleeping at last - earth lyrics.mp3
Aug 29 20:30 : update: added Sleeping At Last/Atlas - Year One/Space I/mercury-lyric-video-sleeping-at-last.mp3
Aug 29 20:30 : update: added Sleeping At Last/Atlas - Year One/Space I/moon-sleeping-at-last.mp3
Aug 29 20:30 : update: added Sleeping At Last/Atlas - Year One/Space I/sun-sleeping-at-last.mp3
Aug 29 20:30 : update: added Sleeping At Last/Atlas - Year One/Light/In The Embers  Sleeping At Last.mp3
Aug 29 20:30 : update: added Sleeping At Last/Atlas - Year One/Light/You Are Enough  Sleeping At Last.mp3
Aug 29 20:30 : update: added Sleeping At Last/Atlas - Year One/Light/heirloom-sleeping-at-last.mp3
Aug 29 20:30 : update: added Sleeping At Last/Atlas - Year One/Light/the-projectionist-sleeping-at-last.mp3
Aug 29 20:30 : update: added Sleeping At Last/Atlas - Year One/Light/Light - Sleeping at Last (lyrics).mp3
Aug 29 20:30 : update: added Sleeping At Last/Atlas - Year One/Space II/jupiter-sleeping-at-last.mp3
Aug 29 20:30 : update: added Sleeping At Last/Atlas - Year One/Space II/Sleeping At Last - Saturn (Official Music Video).mp3
Aug 29 20:30 : update: added Sleeping At Last/Atlas - Year One/Space II/uranus-sleeping-at-last.mp3
Aug 29 20:30 : update: added Sleeping At Last/Atlas - Year One/Space II/neptune-sleeping-at-last.mp3
Aug 29 20:30 : update: added Sleeping At Last/Atlas - Year One/Space II/pluto-sleeping-at-last.mp3
Aug 29 20:30 : update: added Sleeping At Last/lullaby.mp3
Aug 29 20:30 : update: added Sleeping At Last/breathe_deep_sleeping_at_last.mp3
Aug 29 20:30 : update: added Sleeping At Last/Space (Instrumental)/pluto-instrumental.mp3
Aug 29 20:30 : update: added Sleeping At Last/Space (Instrumental)/venus-instrumental.mp3
Aug 29 20:30 : update: added Sleeping At Last/Space (Instrumental)/neptune-instrumental.mp3
Aug 29 20:30 : update: added Sleeping At Last/Space (Instrumental)/mercury-instrumental.mp3
Aug 29 20:30 : update: added Sleeping At Last/Space (Instrumental)/sun-instrumental.mp3
Aug 29 20:30 : update: added Sleeping At Last/Space (Instrumental)/earth-instrumental.mp3
Aug 29 20:30 : update: added Sleeping At Last/Space (Instrumental)/saturn-instrumental.mp3
Aug 29 20:30 : update: added Sleeping At Last/Space (Instrumental)/mars-instrumental.mp3
Aug 29 20:30 : update: added Sleeping At Last/Space (Instrumental)/jupiter-instrumental.mp3
Aug 29 20:30 : update: added Sleeping At Last/Christmas Collection/when-were-together.mp3
Aug 29 20:30 : update: added Sleeping At Last/Astronomy 2/aphelion-july-4-2020-sleeping-at-last.mp3
Aug 29 20:30 : update: added Sleeping At Last/Astronomy 2/comet-neowise.mp3
Aug 29 20:30 : update: added Sleeping At Last/saturn-ft-tim-fain.mp3
Aug 29 20:30 : update: added Sleeping At Last/Atlas - Year Two/Enneagram/Eight (Lyric Video)  Sleeping At Last.mp3
Aug 29 20:30 : update: added Sleeping At Last/Atlas - Year Two/Enneagram/four-lyric-video-sleeping-at-last.mp3
Aug 29 20:30 : update: added Sleeping At Last/Atlas - Year Two/Enneagram/Three (Lyric Video)  Sleeping At Last.mp3
Aug 29 20:30 : update: added Sleeping At Last/Atlas - Year Two/Enneagram/nine-lyric-video-sleeping-at-last.mp3
Aug 29 20:30 : update: added Sleeping At Last/Atlas - Year Two/Enneagram/Sleeping At Last - Two (Official Lyric Video).mp3
Aug 29 20:30 : update: added Sleeping At Last/Atlas - Year Two/Enneagram/seven-lyric-video-sleeping-at-last.mp3
Aug 29 20:30 : update: added Sleeping At Last/Atlas - Year Two/Enneagram/Sleeping At Last - One (Official Lyric Video).mp3
Aug 29 20:30 : update: added Sleeping At Last/Atlas - Year Two/Enneagram/Five (Lyric Video)  Sleeping At Last.mp3
Aug 29 20:30 : update: added Sleeping At Last/Atlas - Year Two/Enneagram/six-lyric-video-sleeping-at-last.mp3
Aug 29 20:30 : update: added Sleeping At Last/Atlas - Year Two/Senses/sight-sleeping-at-last.mp3
Aug 29 20:30 : update: added Sleeping At Last/Atlas - Year Two/Senses/touch-sleeping-at-last.mp3
Aug 29 20:30 : update: added Sleeping At Last/Atlas - Year Two/Senses/taste-sleeping-at-last.mp3
Aug 29 20:30 : update: added Sleeping At Last/Atlas - Year Two/Senses/hearing-sleeping-at-last.mp3
Aug 29 20:30 : update: added Sleeping At Last/Atlas - Year Two/Senses/smell-sleeping-at-last.mp3
Aug 29 20:30 : update: added Sleeping At Last/Atlas - Year Two/awake_acoustic_-3176817787759971628.mp3
Aug 29 20:30 : update: added Sleeping At Last/Atlas - Year Two/Emotions/sorrow-sleeping-at-last.mp3
Aug 29 20:30 : update: added Sleeping At Last/Atlas - Year Two/Emotions/joy-sleeping-at-last.mp3
Aug 29 20:30 : update: added Sleeping At Last/Atlas - Year Two/Emotions/Anger  Sleeping At Last.mp3
Aug 29 20:30 : update: added Sleeping At Last/Atlas - Year Two/Emotions/fear-sleeping-at-last.mp3
Aug 29 20:30 : update: added Sleeping At Last/Atlas - Year Two/asleep_-2982202698938596154.mp3
Aug 29 20:30 : update: added Sleeping At Last/Atlas - Year Two/Intelligence/mind-sleeping-at-last.mp3
Aug 29 20:30 : update: added Sleeping At Last/Atlas - Year Two/Intelligence/body-sleeping-at-last.mp3
Aug 29 20:30 : update: added Sleeping At Last/Atlas - Year Two/Intelligence/Sleeping At Last - Heart.mp3
Aug 29 20:30 : update: added Sleeping At Last/Atlas - Year Two/Life/life-sleeping-at-last.mp3
Aug 29 20:30 : update: added Sleeping At Last/Atlas - Year Two/Life/son-sleeping-at-last.mp3
Aug 29 20:30 : update: added Sleeping At Last/Atlas - Year Two/Life/overture-ii-sleeping-at-last.mp3
Aug 29 20:30 : update: added Sleeping At Last/Atlas - Year Two/Life/daughter-sleeping-at-last.mp3
Aug 29 20:30 : update: added Sleeping At Last/Covers/Covers, Vol. 3/When It Don't Come Easy - Sleeping at Last.mp3
Aug 29 20:30 : update: added Sleeping At Last/Covers/Covers, Vol. 3/Can't Smile Without You - Sleeping at Last.mp3
Aug 29 20:30 : update: added Sleeping At Last/Covers/Covers, Vol. 3/Young Folks - Sleeping at Last.mp3
Aug 29 20:30 : update: added Sleeping At Last/Covers/Covers, Vol. 1/Every Little Thing She Does Is Magic - Sleeping At Last (Micro Music Video).mp3
Aug 29 20:30 : update: added Sleeping At Last/Covers/Covers, Vol. 1/I'm Gonna Be.mp3
Aug 29 20:30 : update: added Sleeping At Last/Covers/Covers, Vol. 1/the_safety_dance_sleeping_at_last_6282552653863117503.mp3
Aug 29 20:30 : update: added Sleeping At Last/Covers/Covers, Vol. 1/total-eclipse-of-the-heart.mp3
Aug 29 20:30 : update: added Sleeping At Last/Covers/Covers, Vol. 1/Sleeping At Last - All Through The Night (Lyrics).mp3
Aug 29 20:30 : update: added Sleeping At Last/Covers/Covers, Vol. 1/99-red-balloons.mp3
Aug 29 20:30 : update: added Sleeping At Last/Covers/Covers, Vol. 2/Already Gone - Sleeping At Last.mp3
Aug 29 20:30 : update: added Sleeping At Last/Covers/Covers, Vol. 2/as-long-as-you-love-me.mp3
Aug 29 20:30 : update: added Sleeping At Last/Covers/Covers, Vol. 2/Chasing Cars - Sleeping At Last.mp3
Aug 29 20:30 : update: added Sleeping At Last/Covers/Covers, Vol. 2/Sleeping At Last - Make You Feel My Love (Lyrics).mp3
Aug 29 20:30 : update: added Sleeping At Last/Covers/Covers, Vol. 2/Countdowns - Sleeping At Last.mp3
Aug 29 20:30 : update: added Sleeping At Last/Covers/Covers, Vol. 2/Never Tear Us Apart  Sleeping At Last.mp3
Aug 29 20:30 : update: added Sleeping At Last/Astronomy 1/farout-december-17-2018-sleeping-at-last (1).mp3
Aug 29 20:30 : update: added Sleeping At Last/Astronomy 1/geminid-meteor-shower-december-13-2017-sleeping-at-last (1).mp3
Aug 29 20:30 : update: added Sleeping At Last/Astronomy 1/birth-of-a-planet-june-30-2018-sleeping-at-last (1).mp3
Aug 29 20:30 : update: added Sleeping At Last/Astronomy 1/the-grand-finale-september-15-2017-sleeping-at-last (1).mp3
Aug 29 20:30 : update: added Sleeping At Last/Astronomy 1/perseid-meteor-shower-august-12-2018-sleeping-at-last (1).mp3
Aug 29 20:30 : update: added Sleeping At Last/Astronomy 1/super-blue-blood-moon-january-31-2018-sleeping-at-last (1).mp3
Aug 29 20:30 : update: added Sleeping At Last/Astronomy 1/mission-complete-february-13-2019-sleeping-at-last (1).mp3
Aug 29 20:30 : update: added Sleeping At Last/Astronomy 1/total-solar-eclipse-august-21-2017-sleeping-at-last.mp3
Aug 29 20:30 : update: added Sleeping At Last/Astronomy 1/goodnight-october-30-2018-sleeping-at-last (1).mp3
Aug 29 20:30 : update: added Sleeping At Last/Astronomy 1/total-lunar-eclipse-july-27-2018-sleeping-at-last (1).mp3
Aug 29 20:30 : update: added Sleeping At Last/Astronomy 1/image-of-a-black-hole-april-10-2019-sleeping-at-last (1).mp3
Aug 29 20:30 : update: added Sleeping At Last/Astronomy 1/final-voyage-january-30-2020-sleeping-at-last (1).mp3
Aug 29 20:30 : update: added Daft Punk/get-lucky-official-audio-ft-pharrell-williams-nile-rodgers.mp3
Aug 29 20:30 : update: added Lukask Kapuscinski/The Lord of the Rings - Acoustic Guitar Medley (with TABs).mp3
Aug 29 20:30 : update: added Goo Goo Dolls/Goo Goo Dolls - All That You Are lyrics on screen Transformers 3 Dark Of The Moon.mp3
Aug 29 20:30 : update: added Pentatonix/Hallelujah - Pentatonix.mp3
Aug 29 20:30 : update: added Winger/miles-away-acoustic.mp3
Aug 29 20:30 : update: added Terraria Calamity Infernum/Terraria Infernum Mod Music - Inferior Fabrications - Mechs Theme (Also Exo Mechs Placeholder).mp3
Aug 29 20:30 : update: added Terraria Calamity Infernum/Terraria Infernum Mod Music - รอยแผลแห่งหายนะ (Scars of Calamity) - Alt Theme of Supreme Calamitas.mp3
Aug 29 20:30 : update: added Terraria Calamity Infernum/Terraria Infernum Mod Music- Shining Kaleidoscope  Prismatic Radiance - Theme of Empress of Light.mp3
Aug 29 20:30 : update: added Terraria Calamity Infernum/Terraria Infernum Mod Music - Zenith Fabrications - Final Theme of The Exo Mechs.mp3
Aug 29 20:30 : update: added Terraria Calamity Infernum/Terraria Infernum Mod Music - Warden of the Damned - Theme of Skeletron.mp3
Aug 29 20:30 : update: added Terraria Calamity Infernum/Terraria Infernum Mod Music - Catastrophic Fabrications - Theme of The Exo Mechs.mp3
Aug 29 20:30 : update: added Terraria Calamity Infernum/Terraria Infernum Mod Music - Intellect of the Crimson - Theme of Brain of Cthulhu.mp3
Aug 29 20:30 : update: added The Legend Of Zelda - Majora's Mask/Song of Healing.mp3
Aug 29 20:30 : update: added The Legend Of Zelda - Majora's Mask/Song of Storms.mp3
Aug 29 20:30 : update: added The Legend Of Zelda - Majora's Mask/Stone Tower.mp3
Aug 29 20:30 : update: added The Legend Of Zelda - Majora's Mask/Deku Palace.mp3
Aug 29 20:30 : update: added The Legend Of Zelda - Majora's Mask/Clocktown Theme.mp3
Aug 29 20:30 : update: added The Legend Of Zelda - Majora's Mask/Clocktown (Remixed).mp3
Aug 29 20:30 : update: added John Legend/All of Me.mp3
Aug 29 20:30 : update: added Recorder/records/quinta-feira, 20.11.m4a
Aug 29 20:30 : update: added Passenger/Let Her Go - Passenger.mp3
Aug 29 20:30 : update: added /Graveyard Dancing - DRUGS Lyrics.mp3
Aug 29 20:30 : update: added Jason Mraz/Jason Mraz - I Wont Give Up - Tradução.mp3
Aug 29 20:30 : update: added Jason Mraz/Jason Mraz - 93 Million Miles Official Video.mp3
Aug 29 20:30 : update: added Jason Mraz/Jason Mraz - Im Yours Official Video.mp3
Aug 29 20:30 : update: added The Cure/friday-im-in-love-lyrics.mp3
Aug 29 20:30 : update: added Rufus Wainwright/Hallelujah.mp3
Aug 29 20:30 : update: added Green Day/Green Day - Good Riddance (Time of Your Life) [Official Music Video] [4K UPGRADE].mp3
Aug 29 20:30 : update: added Kansas/dust-in-the-wind-official-video.mp3
Aug 29 20:30 : update: added Ed Sheeran/Ed Sheeran - Perfect [Official Lyric Video].mp3
Aug 29 20:30 : update: added Ed Sheeran/Ed Sheeran - I See Fire.mp3
Aug 29 20:30 : update: added Ed Sheeran/Ed Sheeran - Thinking out loud - Legendado - Dual Legendas.mp3
Aug 29 20:30 : update: added Ed Sheeran/Ed Sheeran - Photograph (Official Music Video).mp3
Aug 29 20:30 : update: added Musicas Carro/01Favoritos/Love Ain't No Stranger.mp3
Aug 29 20:30 : update: added Musicas Carro/01Favoritos/Please Forgive Me.mp3
Aug 29 20:30 : update: added Musicas Carro/01Favoritos/Tourniquet.mp3
Aug 29 20:30 : update: added Musicas Carro/01Favoritos/All She Wrote.mp3
Aug 29 20:30 : update: added Musicas Carro/01Favoritos/Get Lucky.mp3
Aug 29 20:30 : update: added Musicas Carro/01Favoritos/With Or Without You.mp3
Aug 29 20:30 : update: added Musicas Carro/01Favoritos/Bring Me to Life.mp3
Aug 29 20:30 : update: added Musicas Carro/01Favoritos/Rosanna.mp3
Aug 29 20:30 : update: added Musicas Carro/01Favoritos/Bug Eyes.mp3
Aug 29 20:30 : update: added Musicas Carro/01Favoritos/Get Through This.mp3
Aug 29 20:30 : update: added Musicas Carro/01Favoritos/Fool for Your Loving.mp3
Aug 29 20:30 : update: added Musicas Carro/01Favoritos/Lets Make a Night to Remember.mp3
Aug 29 20:30 : update: added Musicas Carro/01Favoritos/Good To Be Bad.mp3
Aug 29 20:30 : update: added Musicas Carro/01Favoritos/Locked Out Of Heaven.mp3
Aug 29 20:30 : update: added Musicas Carro/01Favoritos/You Are My Religion.mp3
Aug 29 20:30 : update: added Musicas Carro/01Favoritos/Friday I'm in Love.mp3
Aug 29 20:30 : update: added Musicas Carro/01Favoritos/Just The Way You Are.mp3
Aug 29 20:30 : update: added Musicas Carro/01Favoritos/Alive and Awake.mp3
Aug 29 20:30 : update: added Musicas Carro/01Favoritos/Don't Treat Me Bad.mp3
Aug 29 20:30 : update: added Musicas Carro/01Favoritos/Take Cover.mp3
Aug 29 20:30 : update: added Musicas Carro/01Favoritos/I am Yours.mp3
Aug 29 20:30 : update: added Musicas Carro/01Favoritos/Miles Away.mp3
Aug 29 20:30 : update: added Musicas Carro/01Favoritos/The Whole World's Gonna Know.mp3
Aug 29 20:30 : update: added Musicas Carro/01Favoritos/I Still Haven't Found What I'm Looking for.mp3
Aug 29 20:30 : update: added Musicas Carro/01Favoritos/Monster.mp3
Aug 29 20:30 : update: added Musicas Carro/01Favoritos/I will Be Over You.mp3
Aug 29 20:30 : update: added Musicas Carro/01Favoritos/Black Sabbath - Cross of Thorns.mp3
Aug 29 20:30 : update: added Musicas Carro/01Favoritos/Nine Lives.mp3
Aug 29 20:30 : update: added Musicas Carro/01Favoritos/Africa.mp3
Aug 29 20:30 : update: added Musicas Carro/01Favoritos/Kansas - Dust in the Wind.mp3
Aug 29 20:30 : update: added Musicas Carro/01Favoritos/Photograph.mp3
Aug 29 20:30 : update: added Musicas Carro/01Favoritos/Acoustic Get Thru This.mp3
Aug 29 20:30 : update: added Musicas Carro/01Favoritos/Now and Forever.mp3
Aug 29 20:30 : update: added Musicas Carro/01Favoritos/Wherever You Will Go.mp3
Aug 29 20:30 : update: added Musicas Carro/01Favoritos/More Than a Feeling.mp3
Aug 29 20:30 : update: added Musicas Carro/Super Hits Of The 80s Into The 90s/19. Extreme - More Than Words.mp3
Aug 29 20:30 : update: added Musicas Carro/Super Hits Of The 80s Into The 90s/14. Righteous Brothers - You've Lost That Lovin' Feeling.mp3
Aug 29 20:30 : update: added Musicas Carro/Super Hits Of The 80s Into The 90s/19. Toni Braxton - Un-Break My Heart.mp3
Aug 29 20:30 : update: added Musicas Carro/Super Hits Of The 80s Into The 90s/17. Wet Wet Wet - Love Is All Around.mp3
Aug 29 20:30 : update: added Musicas Carro/Super Hits Of The 80s Into The 90s/17. Jennifer Rush - The Power Of Love.mp3
Aug 29 20:30 : update: added Musicas Carro/Super Hits Of The 80s Into The 90s/09. Commodores - Three Times A Lady.mp3
Aug 29 20:30 : update: added Musicas Carro/Super Hits Of The 80s Into The 90s/20. Peter Frampton - Show Me The Way.mp3
Aug 29 20:30 : update: added Musicas Carro/Super Hits Of The 80s Into The 90s/10. Deep Purple - Smoke On The Water.mp3
Aug 29 20:30 : update: added Musicas Carro/Super Hits Of The 80s Into The 90s/13. EMF - Unbelievable.mp3
Aug 29 20:30 : update: added Musicas Carro/Super Hits Of The 80s Into The 90s/10. Lionel Richie & Diana Ross - Endless Love.mp3
Aug 29 20:30 : update: added Musicas Carro/Super Hits Of The 80s Into The 90s/20. Cyndi Lauper - Time After Time.mp3
Aug 29 20:30 : update: added Musicas Carro/Super Hits Of The 80s Into The 90s/08. Boyzone - Words.mp3
Aug 29 20:30 : update: added Musicas Carro/Super Hits Of The 80s Into The 90s/18. Lionel Richie - Hello.mp3
Aug 29 20:30 : update: added Musicas Carro/Super Hits Of The 80s Into The 90s/18. K-Ci & Jo-Jo - All My Life.mp3
Aug 29 20:30 : update: added Musicas Carro/Super Hits Of The 80s Into The 90s/17. Redbone - We Were All Wounded At Wounded Knee.mp3
Aug 29 20:30 : update: added Musicas Carro/Super Hits Of The 80s Into The 90s/12. Spin Doctors - Two Princes.mp3
Aug 29 20:30 : update: added Musicas Carro/Super Hits Of The 80s Into The 90s/18. Eric Carmen - All By Myself.mp3
Aug 29 20:30 : update: added Musicas Carro/Super Hits Of The 80s Into The 90s/20. Bangles - Eternal Flame.mp3
Aug 29 20:30 : update: added Musicas Carro/Super Hits Of The 80s Into The 90s/12. Righteous Brothers - Unchained Melody.mp3
Aug 29 20:30 : update: added Musicas Carro/Super Hits Of The 80s Into The 90s/11. Lionel Richie - Dancing On The Ceiling.mp3
Aug 29 20:30 : update: added Musicas Carro/Super Hits Of The 80s Into The 90s/03. Eurythmics - Sweet Dreams.mp3
Aug 29 20:30 : update: added Musicas Carro/Super Hits Of The 80s Into The 90s/08. Wild Cherry - Play That Funky Music.mp3
Aug 29 20:30 : update: added Musicas Carro/Super Hits Of The 80s Into The 90s/02. Joan Osborne - One Of Us.mp3
Aug 29 20:30 : update: added Musicas Carro/Super Hits Of The 80s Into The 90s/03. Europe - The Final Countdown.mp3
Aug 29 20:30 : update: added Musicas Carro/Super Hits Of The 80s Into The 90s/19. Scorpions - Wind Of Change.mp3
Aug 29 20:30 : update: added Musicas Carro/Super Hits Of The 80s Into The 90s/15. Ray Orbison - Pretty Woman.mp3
Aug 29 20:30 : update: added Musicas Carro/05The Stories We Could Tell/07 - What if We Were New.mp3
Aug 29 20:30 : update: added Musicas Carro/05The Stories We Could Tell/11 - It's Always About That Girl.mp3
Aug 29 20:30 : update: added Musicas Carro/05The Stories We Could Tell/12 - Cinderella Smile.mp3
Aug 29 20:30 : update: added Musicas Carro/05The Stories We Could Tell/06 - The Monster in Me.mp3
Aug 29 20:30 : update: added Musicas Carro/05The Stories We Could Tell/01 - Gotta Love the Ride.mp3
Aug 29 20:30 : update: added Musicas Carro/05The Stories We Could Tell/04 - Satisfied.mp3
Aug 29 20:30 : update: added Musicas Carro/05The Stories We Could Tell/09 - The Light of Day.mp3
Aug 29 20:30 : update: added Musicas Carro/05The Stories We Could Tell/13 - The Stories We Could Tell.mp3
Aug 29 20:30 : update: added Musicas Carro/05The Stories We Could Tell/08 - EastWest.mp3
Aug 29 20:30 : update: added Musicas Carro/05The Stories We Could Tell/02 - I Forget to Breathe.mp3
Aug 29 20:30 : update: added Musicas Carro/05The Stories We Could Tell/05 - The Man Who Has Everything.mp3
Aug 29 20:30 : update: added Musicas Carro/05The Stories We Could Tell/10 - Just Let Your Heart Decide.mp3
Aug 29 20:30 : update: added Musicas Carro/05The Stories We Could Tell/14 - Addicted to That Rush (Live - exclusive bonus track).mp3
Aug 29 20:30 : update: added Musicas Carro/05The Stories We Could Tell/03 - Fragile.mp3
Aug 29 20:30 : update: added Musicas Carro/Malmsteen's/Yngwie Malmsteen - Ill see the light, tonight.mp3
Aug 29 20:30 : update: added Musicas Carro/Malmsteen's/Yngwie Malmsteen - Marching out.mp3
Aug 29 20:30 : update: added Musicas Carro/Malmsteen's/Malmsteen's - Heaven Tonight.mp3
Note: Illegal Audio-MPEG-Header 0x00000000 at offset 4092.
Note: Trying to resync...
Note: Hit end of (available) data during resync.
Aug 29 20:30 : mpg123: mpg123_getformat() failed: Message: I am done with this track.
Aug 29 20:30 : ffmpeg/mp3: Format mp3 detected only with low score of 1, misdetection possible!
Aug 29 20:30 : ffmpeg/mp3: Failed to read frame size: Could not seek to 5119.
Note: Illegal Audio-MPEG-Header 0x00000000 at offset 4092.
Note: Trying to resync...
Note: Hit end of (available) data during resync.
Aug 29 20:30 : mpg123: mpg123_getformat() failed: Message: I am done with this track.
Aug 29 20:30 : ffmpeg/mp3: Format mp3 detected only with low score of 1, misdetection possible!
Aug 29 20:30 : ffmpeg/mp3: Failed to read frame size: Could not seek to 5119.
Aug 29 20:30 : update: added Musicas Carro/Malmsteen's/Yngwie Malmstein - Beethoven's 5th.mp3
Aug 29 20:30 : update: added Musicas Carro/Malmsteen's/Yngwie Malmsteen - Disciples of hell.mp3
Aug 29 20:30 : update: added Musicas Carro/Malmsteen's/Yngwie Malmsteen - Paganini Adagio.mp3
Aug 29 20:30 : update: added Musicas Carro/Malmsteen's/Yngwie Malmsteen - Dark Ages.mp3
Note: Illegal Audio-MPEG-Header 0x00000000 at offset 4092.
Note: Trying to resync...
Note: Hit end of (available) data during resync.
Aug 29 20:30 : mpg123: mpg123_getformat() failed: Message: I am done with this track.
Aug 29 20:30 : ffmpeg/mp3: Format mp3 detected only with low score of 1, misdetection possible!
Aug 29 20:30 : ffmpeg/mp3: Failed to read frame size: Could not seek to 5119.
Aug 29 20:30 : update: added Musicas Carro/Malmsteen's/Malmsteen's - Now Is The Time.mp3
Note: Illegal Audio-MPEG-Header 0x00000000 at offset 4092.
Note: Trying to resync...
Note: Hit end of (available) data during resync.
Aug 29 20:30 : mpg123: mpg123_getformat() failed: Message: I am done with this track.
Aug 29 20:30 : ffmpeg/mp3: Format mp3 detected only with low score of 1, misdetection possible!
Aug 29 20:30 : ffmpeg/mp3: Failed to read frame size: Could not seek to 5119.
Note: Illegal Audio-MPEG-Header 0x00000000 at offset 4092.
Note: Trying to resync...
Note: Hit end of (available) data during resync.
Aug 29 20:30 : mpg123: mpg123_getformat() failed: Message: I am done with this track.
Aug 29 20:30 : ffmpeg/mp3: Format mp3 detected only with low score of 1, misdetection possible!
Aug 29 20:30 : ffmpeg/mp3: Failed to read frame size: Could not seek to 5119.
Aug 29 20:30 : update: added Musicas Carro/Malmsteen's/Yngwie Malmsteen - Flamenco Diablo.mp3
Aug 29 20:30 : update: added Musicas Carro/MARINA LIMA - Momentos/06 - Ainda É Cedo (Live).mp3
Aug 29 20:30 : update: added Musicas Carro/MARINA LIMA - Momentos/14 Marina - Uma Noite e meia.mp3
Aug 29 20:30 : update: added Musicas Carro/MARINA LIMA - Momentos/02 Marina  - À Francesa.mp3
Aug 29 20:30 : update: added Musicas Carro/MARINA LIMA - Momentos/10 - Noite E Dia.mp3
Aug 29 20:30 : update: added Musicas Carro/MARINA LIMA - Momentos/12 Marina - Pseudo Blues.mp3
Aug 29 20:30 : update: added Musicas Carro/MARINA LIMA - Momentos/06 Marina - Virgem.mp3
Aug 29 20:30 : update: added Musicas Carro/MARINA LIMA - Momentos/20 - Ideologia (Live).mp3
Aug 29 20:30 : update: added Musicas Carro/MARINA LIMA - Momentos/05 Marina - Fullgas.mp3
Aug 29 20:30 : update: added Musicas Carro/MARINA LIMA - Momentos/10 Marina - Nada Por Mim.mp3
Aug 29 20:30 : update: added Musicas Carro/MARINA LIMA - Momentos/08 Marina - Eu Te Amo Voce.mp3
Aug 29 20:30 : update: added Musicas Carro/MARINA LIMA - Momentos/11 Marina - Dificil.mp3
Aug 29 20:30 : update: added Musicas Carro/MARINA LIMA - Momentos/07 Marina - Charme do Mundo.mp3
Aug 29 20:30 : update: added Musicas Carro/MARINA LIMA - Momentos/11 - Acontecimentos.mp3
Aug 29 20:30 : update: added Musicas Carro/MARINA LIMA - Momentos/06 - Pessoa.mp3
Aug 29 20:30 : update: added Musicas Carro/MARINA LIMA - Momentos/03 Marina - Me Chama.mp3
Aug 29 20:30 : update: added Musicas Carro/MARINA LIMA - Momentos/13 Marina - Ainda É Cedo.mp3
Aug 29 20:30 : update: added Musicas Carro/MARINA LIMA - Momentos/10 - O Chamado.mp3
Aug 29 20:30 : update: added Musicas Carro/MARINA LIMA - Momentos/09 Marina - Veneno.mp3
Aug 29 20:30 : update: added Musicas Carro/MARINA LIMA - Momentos/15 - Nada Por Mim.mp3
Aug 29 20:30 : update: added Musicas Carro/MARINA LIMA - Momentos/01 Marina - Pra Começar.mp3
Aug 29 20:30 : update: added Musicas Carro/Kid/Kid Abelha - Conspiração Internacional.mp3
Aug 29 20:30 : update: added Musicas Carro/Kid/Kid Abelha - Hoje Eu Não Vou.mp3
Aug 29 20:30 : update: added Musicas Carro/Kid/Kid Abelha - Educação Sentimental.mp3
Aug 29 20:30 : update: added Musicas Carro/Kid/Kid Abelha - Lágrimas de Chuva.mp3
Aug 29 20:30 : update: added Musicas Carro/Kid/Kid Abelha - Como Eu Quero.mp3
Aug 29 20:30 : update: added Musicas Carro/Kid/Kid Abelha - Os Outros.mp3
Note: Illegal Audio-MPEG-Header 0x00000000 at offset 4092.
Note: Trying to resync...
Note: Hit end of (available) data during resync.
Aug 29 20:30 : mpg123: mpg123_getformat() failed: Message: I am done with this track.
Aug 29 20:30 : ffmpeg/mp3: Format mp3 detected only with low score of 1, misdetection possible!
Aug 29 20:30 : ffmpeg/mp3: Failed to read frame size: Could not seek to 5119.
Note: Illegal Audio-MPEG-Header 0x00000000 at offset 4092.
Note: Trying to resync...
Note: Hit end of (available) data during resync.
Aug 29 20:30 : mpg123: mpg123_getformat() failed: Message: I am done with this track.
Aug 29 20:30 : ffmpeg/mp3: Format mp3 detected only with low score of 1, misdetection possible!
Aug 29 20:30 : ffmpeg/mp3: Failed to read frame size: Could not seek to 5119.
Aug 29 20:30 : update: added Musicas Carro/Kid/Kid Abelha - Ele Quer Me Conquistar.mp3
Aug 29 20:30 : update: added Musicas Carro/Kid/Kid Abelha - Alice.mp3
Aug 29 20:30 : update: added Musicas Carro/Kid/Kid Abelha - Garotos.mp3
Note: Illegal Audio-MPEG-Header 0x00000000 at offset 4092.
Note: Trying to resync...
Note: Hit end of (available) data during resync.
Aug 29 20:30 : mpg123: mpg123_getformat() failed: Message: I am done with this track.
Aug 29 20:30 : ffmpeg/mp3: Format mp3 detected only with low score of 1, misdetection possible!
Aug 29 20:30 : ffmpeg/mp3: Failed to read frame size: Could not seek to 5119.
Aug 29 20:30 : update: added Musicas Carro/Kid/Kid Abelha - A Fórmula do Amor.mp3
Aug 29 20:30 : update: added Musicas Carro/Kid/Kid Abelha - Pintura Íntima.mp3
Note: Illegal Audio-MPEG-Header 0x00000000 at offset 4092.
Note: Trying to resync...
Note: Hit end of (available) data during resync.
Aug 29 20:30 : mpg123: mpg123_getformat() failed: Message: I am done with this track.
Aug 29 20:30 : ffmpeg/mp3: Format mp3 detected only with low score of 1, misdetection possible!
Aug 29 20:30 : ffmpeg/mp3: Failed to read frame size: Could not seek to 5119.
Note: Illegal Audio-MPEG-Header 0x00000000 at offset 4092.
Note: Trying to resync...
Note: Hit end of (available) data during resync.
Aug 29 20:30 : mpg123: mpg123_getformat() failed: Message: I am done with this track.
Aug 29 20:30 : ffmpeg/mp3: Format mp3 detected only with low score of 1, misdetection possible!
Aug 29 20:30 : ffmpeg/mp3: Failed to read frame size: Could not seek to 5119.
Note: Illegal Audio-MPEG-Header 0x00000000 at offset 4092.
Note: Trying to resync...
Note: Hit end of (available) data during resync.
Aug 29 20:30 : mpg123: mpg123_getformat() failed: Message: I am done with this track.
Aug 29 20:30 : ffmpeg/mp3: Format mp3 detected only with low score of 1, misdetection possible!
Aug 29 20:30 : ffmpeg/mp3: Failed to read frame size: Could not seek to 5119.
Note: Illegal Audio-MPEG-Header 0x00000000 at offset 4092.
Note: Trying to resync...
Note: Hit end of (available) data during resync.
Aug 29 20:30 : mpg123: mpg123_getformat() failed: Message: I am done with this track.
Aug 29 20:30 : ffmpeg/mp3: Format mp3 detected only with low score of 1, misdetection possible!
Aug 29 20:30 : ffmpeg/mp3: Failed to read frame size: Could not seek to 5119.
Aug 29 20:30 : update: added Musicas Carro/Kid/Kid Abelha - Seu Espião.mp3
Note: Illegal Audio-MPEG-Header 0x00000000 at offset 4092.
Note: Trying to resync...
Note: Hit end of (available) data during resync.
Aug 29 20:30 : mpg123: mpg123_getformat() failed: Message: I am done with this track.
Aug 29 20:30 : ffmpeg/mp3: Format mp3 detected only with low score of 1, misdetection possible!
Aug 29 20:30 : ffmpeg/mp3: Failed to read frame size: Could not seek to 5119.
Aug 29 20:30 : update: added Musicas Carro/Kid/Kid Abelha - Amor Por Retribuição.mp3
Note: Illegal Audio-MPEG-Header 0x00000000 at offset 4092.
Note: Trying to resync...
Note: Hit end of (available) data during resync.
Aug 29 20:30 : mpg123: mpg123_getformat() failed: Message: I am done with this track.
Aug 29 20:30 : ffmpeg/mp3: Format mp3 detected only with low score of 1, misdetection possible!
Aug 29 20:30 : ffmpeg/mp3: Failed to read frame size: Could not seek to 5119.
Note: Illegal Audio-MPEG-Header 0x00000000 at offset 4092.
Note: Trying to resync...
Note: Hit end of (available) data during resync.
Aug 29 20:30 : mpg123: mpg123_getformat() failed: Message: I am done with this track.
Aug 29 20:30 : ffmpeg/mp3: Format mp3 detected only with low score of 1, misdetection possible!
Aug 29 20:30 : ffmpeg/mp3: Failed to read frame size: Could not seek to 5119.
Note: Illegal Audio-MPEG-Header 0x00000000 at offset 4092.
Note: Trying to resync...
Note: Hit end of (available) data during resync.
Aug 29 20:30 : mpg123: mpg123_getformat() failed: Message: I am done with this track.
Aug 29 20:30 : ffmpeg/mp3: Format mp3 detected only with low score of 1, misdetection possible!
Aug 29 20:30 : ffmpeg/mp3: Failed to read frame size: Could not seek to 5119.
Note: Illegal Audio-MPEG-Header 0x00000000 at offset 4092.
Note: Trying to resync...
Note: Hit end of (available) data during resync.
Aug 29 20:30 : mpg123: mpg123_getformat() failed: Message: I am done with this track.
Aug 29 20:30 : ffmpeg/mp3: Format mp3 detected only with low score of 1, misdetection possible!
Aug 29 20:30 : ffmpeg/mp3: Failed to read frame size: Could not seek to 5119.
Aug 29 20:30 : update: added Musicas Carro/Kid/Kid Abelha - Nada Tanto Assim.mp3
Note: Illegal Audio-MPEG-Header 0x00000000 at offset 4092.
Note: Trying to resync...
Note: Hit end of (available) data during resync.
Aug 29 20:30 : mpg123: mpg123_getformat() failed: Message: I am done with this track.
Aug 29 20:30 : ffmpeg/mp3: Format mp3 detected only with low score of 1, misdetection possible!
Aug 29 20:30 : ffmpeg/mp3: Failed to read frame size: Could not seek to 5119.
Aug 29 20:30 : update: added Musicas Carro/Kid/Kid Abelha - Fixação.mp3
Note: Illegal Audio-MPEG-Header 0x00000000 at offset 4092.
Note: Trying to resync...
Note: Hit end of (available) data during resync.
Aug 29 20:30 : mpg123: mpg123_getformat() failed: Message: I am done with this track.
Aug 29 20:30 : ffmpeg/mp3: Format mp3 detected only with low score of 1, misdetection possible!
Aug 29 20:30 : ffmpeg/mp3: Failed to read frame size: Could not seek to 5119.
Aug 29 20:30 : update: added Musicas Carro/Kid/Kid Abelha - Por Que Não Eu.mp3
Aug 29 20:30 : update: added Musicas Carro/Kid/Kid Abelha - Um Dia Em Cem.mp3
Note: Illegal Audio-MPEG-Header 0x00000000 at offset 4092.
Note: Trying to resync...
Note: Hit end of (available) data during resync.
Aug 29 20:30 : mpg123: mpg123_getformat() failed: Message: I am done with this track.
Aug 29 20:30 : ffmpeg/mp3: Format mp3 detected only with low score of 1, misdetection possible!
Aug 29 20:30 : ffmpeg/mp3: Failed to read frame size: Could not seek to 5119.
Note: Illegal Audio-MPEG-Header 0x00000000 at offset 4092.
Note: Trying to resync...
Note: Hit end of (available) data during resync.
Aug 29 20:30 : mpg123: mpg123_getformat() failed: Message: I am done with this track.
Aug 29 20:30 : ffmpeg/mp3: Format mp3 detected only with low score of 1, misdetection possible!
Aug 29 20:30 : ffmpeg/mp3: Failed to read frame size: Could not seek to 5119.
Note: Illegal Audio-MPEG-Header 0x00000000 at offset 4092.
Note: Trying to resync...
Note: Hit end of (available) data during resync.
Aug 29 20:30 : mpg123: mpg123_getformat() failed: Message: I am done with this track.
Aug 29 20:30 : ffmpeg/mp3: Format mp3 detected only with low score of 1, misdetection possible!
Aug 29 20:30 : ffmpeg/mp3: Failed to read frame size: Could not seek to 5119.
Aug 29 20:30 : update: added Musicas Carro/Kid/Kid Abelha - Educação Sentimental-1.mp3
Aug 29 20:30 : update: added Musicas Carro/Kid/Kid Abelha - Uniformes.mp3
Note: Illegal Audio-MPEG-Header 0x00000000 at offset 4092.
Note: Trying to resync...
Note: Hit end of (available) data during resync.
Aug 29 20:30 : mpg123: mpg123_getformat() failed: Message: I am done with this track.
Aug 29 20:30 : ffmpeg/mp3: Format mp3 detected only with low score of 1, misdetection possible!
Aug 29 20:30 : ffmpeg/mp3: Failed to read frame size: Could not seek to 5119.
Aug 29 20:30 : update: added Musicas Carro/05Mr Big What If/08 All The Way Up.mp3
Aug 29 20:30 : update: added Musicas Carro/05Mr Big What If/07 As Far As I Can See.mp3
Aug 29 20:30 : update: added Musicas Carro/05Mr Big What If/01 Undertow.mp3
Aug 29 20:30 : update: added Musicas Carro/05Mr Big What If/09 I Won't Get In My Way.mp3
Aug 29 20:30 : update: added Musicas Carro/02Bruno Mars/09 Count On Me.mp3
Aug 29 20:30 : update: added Musicas Carro/02Bruno Mars/01 Young Girls.mp3
Aug 29 20:30 : update: added Musicas Carro/02Bruno Mars/05 The Lazy Song.mp3
Aug 29 20:30 : update: added Musicas Carro/02Bruno Mars/06 Marry You.mp3
Aug 29 20:30 : update: added Musicas Carro/02Bruno Mars/07 Talking To The Moon.mp3
Aug 29 20:30 : update: added Musicas Carro/02Bruno Mars/14 Grenade (Walmart Soundcheck Live).mp3
Aug 29 20:30 : update: added Musicas Carro/02Bruno Mars/12 Young Girls (Demo).mp3
Aug 29 20:30 : update: added Musicas Carro/02Bruno Mars/01 Grenade.mp3
Aug 29 20:30 : update: added Musicas Carro/02Bruno Mars/13 Gorilla (Demo).mp3
Aug 29 20:30 : update: added Musicas Carro/02Bruno Mars/11 Talking to the moon (Acoustic piano version).mp3
Aug 29 20:30 : update: added Musicas Carro/02Bruno Mars/02 Locked Out Of Heaven.mp3
Aug 29 20:30 : update: added Musicas Carro/02Bruno Mars/04 Treasure.mp3
Aug 29 20:30 : update: added Musicas Carro/02Bruno Mars/02 Just The Way You Are.mp3
Aug 29 20:30 : update: added Musicas Carro/02Bruno Mars/06 Whe I Was Your Man.mp3
Aug 29 20:30 : update: added Musicas Carro/02Bruno Mars/12 Just The Way You Are (Ft. Lupe Fiasco) (Remix).mp3
Aug 29 20:30 : update: added Musicas Carro/02Bruno Mars/03 Gorilla.mp3
Aug 29 20:30 : update: added Musicas Carro/Queen/1-02 Another One Bites the Dust.mp3
Aug 29 20:30 : update: added Musicas Carro/Queen/2-16 The Show Must Go On.mp3
Aug 29 20:30 : update: added Musicas Carro/Queen/2-17 One Vision (Short Version).mp3
Aug 29 20:30 : update: added Musicas Carro/Queen/2-10 Headlong.mp3
Aug 29 20:30 : update: added Musicas Carro/Queen/2-09 Who Wants To Live Forever.mp3
Aug 29 20:30 : update: added Musicas Carro/Queen/2-03 Radio Ga Ga.mp3
Aug 29 20:30 : update: added Musicas Carro/Queen/1-01 Bohemian Rhapsody.mp3
Aug 29 20:30 : update: added Musicas Carro/Queen/1-10 Somebody to Love.mp3
Aug 29 20:30 : update: added Musicas Carro/Queen/2-05 I Want To Break Free (Single Version).mp3
Aug 29 20:30 : update: added Musicas Carro/Queen/2-04 I Want It All (Single Version).mp3
Aug 29 20:30 : update: added Musicas Carro/Queen/2-01 A Kind of Magic.mp3
Aug 29 20:30 : update: added Musicas Carro/Queen/1-13 Play the Game.mp3
Aug 29 20:30 : update: added Musicas Carro/Queen/2-15 Friends Will Be Friends.mp3
Aug 29 20:30 : update: added Musicas Carro/Queen/1-11 Now I'm Here.mp3
Aug 29 20:30 : update: added Musicas Carro/Queen/2-02 Under Pressure (Feat. David Bowie).mp3
Aug 29 20:30 : update: added Musicas Carro/Queen/1-08 Save Me.mp3
Aug 29 20:30 : update: added Musicas Carro/Queen/2-07 It's A Hard Life.mp3
Aug 29 20:30 : update: added Musicas Carro/Queen/2-12 I'm Going Slightly Mad.mp3
Aug 29 20:30 : update: added Musicas Carro/Queen/2-14 Hammer to Fall (Single Version).mp3
Aug 29 20:30 : update: added Musicas Carro/Queen/2-11 The Miracle.mp3
Aug 29 20:30 : update: added Musicas Carro/Queen/1-17 We Are The Champions.mp3
Aug 29 20:30 : update: added Musicas Carro/Queen/1-07 Don't Stop Me Now.mp3
Aug 29 20:30 : update: added Musicas Carro/Queen/1-16 We Will Rock You.mp3
Aug 29 20:30 : update: added Musicas Carro/Queen/2-13 The Invisible Man.mp3
Aug 29 20:30 : update: added Musicas Carro/The Best Of Van Halen Vol I/Van Halen - Best of Van Halen  Vol.1 - 02 - Ain't Talkin' 'Bout Love.mp3
Aug 29 20:30 : update: added Musicas Carro/The Best Of Van Halen Vol I/Van Halen - Best of Van Halen  Vol.1 - 12 - Poundcake.mp3
Aug 29 20:30 : update: added Musicas Carro/The Best Of Van Halen Vol I/Van Halen - Best of Van Halen  Vol.1 - 11 - When It's Love.mp3
Aug 29 20:30 : update: added Musicas Carro/The Best Of Van Halen Vol I/Van Halen - Best of Van Halen  Vol.1 - 07 - Jump.mp3
Aug 29 20:30 : update: added Musicas Carro/The Best Of Van Halen Vol I/Van Halen - Best of Van Halen  Vol.1 - 08 - Panama.mp3
Aug 29 20:30 : update: added Musicas Carro/The Best Of Van Halen Vol I/Van Halen - Best of Van Halen  Vol.1 - 09 - Why Can't This Be Love.mp3
Aug 29 20:30 : update: added Musicas Carro/The Best Of Van Halen Vol I/Van Halen - Best of Van Halen  Vol.1 - 10 - Dreams.mp3
Aug 29 20:30 : update: added Musicas Carro/The Best Of Van Halen Vol I/Van Halen - Best of Van Halen  Vol.1 - 04 - Dance the Night Away.mp3
Aug 29 20:30 : update: added Musicas Carro/The Best Of Van Halen Vol I/Van Halen - Best of Van Halen  Vol.1 - 14 - Can't Stop Lovin' You.mp3
Aug 29 20:30 : update: added Musicas Carro/The Best Of Van Halen Vol I/Van Halen - Best of Van Halen  Vol.1 - 03 - Runnin' With the Devil.mp3
Aug 29 20:30 : update: added Musicas Carro/The Best Of Van Halen Vol I/Van Halen - Best of Van Halen  Vol.1 - 13 - Right Now.mp3
Aug 29 20:30 : update: added Musicas Carro/The Best Of Van Halen Vol I/Van Halen - Best of Van Halen  Vol.1 - 06 - Unchained.mp3
Note: Illegal Audio-MPEG-Header 0x00000000 at offset 4092.
Note: Trying to resync...
Note: Hit end of (available) data during resync.
Aug 29 20:30 : mpg123: mpg123_getformat() failed: Message: I am done with this track.
Aug 29 20:30 : ffmpeg/mp3: Format mp3 detected only with low score of 1, misdetection possible!
Aug 29 20:30 : ffmpeg/mp3: Failed to read frame size: Could not seek to 5119.
Aug 29 20:30 : update: added Musicas Carro/Journey - Generations 2005/01 - Faith In The Heartland.mp3
Aug 29 20:30 : update: added Musicas Carro/Journey - Generations 2005/03 - A Better Place.mp3
Note: Illegal Audio-MPEG-Header 0x00000000 at offset 4092.
Note: Trying to resync...
Note: Hit end of (available) data during resync.
Aug 29 20:30 : mpg123: mpg123_getformat() failed: Message: I am done with this track.
Aug 29 20:30 : ffmpeg/mp3: Format mp3 detected only with low score of 1, misdetection possible!
Aug 29 20:30 : ffmpeg/mp3: Failed to read frame size: Could not seek to 5119.
Aug 29 20:30 : update: added Musicas Carro/Journey - Generations 2005/02 - The Place In Your Heart.mp3
Aug 29 20:30 : update: added Musicas Carro/Journey - Generations 2005/13 - Never Too Late To Change (Bonus Track).mp3
Note: Illegal Audio-MPEG-Header 0x00000000 at offset 4092.
Note: Trying to resync...
Note: Hit end of (available) data during resync.
Aug 29 20:30 : mpg123: mpg123_getformat() failed: Message: I am done with this track.
Aug 29 20:30 : ffmpeg/mp3: Format mp3 detected only with low score of 1, misdetection possible!
Aug 29 20:30 : ffmpeg/mp3: Failed to read frame size: Could not seek to 5119.
Aug 29 20:30 : update: added Musicas Carro/Journey - Generations 2005/06 - Believe.mp3
Note: Illegal Audio-MPEG-Header 0x00000000 at offset 4092.
Note: Trying to resync...
Note: Hit end of (available) data during resync.
Aug 29 20:30 : mpg123: mpg123_getformat() failed: Message: I am done with this track.
Aug 29 20:30 : ffmpeg/mp3: Format mp3 detected only with low score of 1, misdetection possible!
Aug 29 20:30 : ffmpeg/mp3: Failed to read frame size: Could not seek to 5119.
Note: Illegal Audio-MPEG-Header 0x00000000 at offset 4092.
Note: Trying to resync...
Note: Hit end of (available) data during resync.
Aug 29 20:30 : mpg123: mpg123_getformat() failed: Message: I am done with this track.
Aug 29 20:30 : ffmpeg/mp3: Format mp3 detected only with low score of 1, misdetection possible!
Aug 29 20:30 : ffmpeg/mp3: Failed to read frame size: Could not seek to 5119.
Aug 29 20:30 : update: added Musicas Carro/Journey - Generations 2005/05 - Butterfly (She Flies Alone).mp3
Note: Illegal Audio-MPEG-Header 0x00000000 at offset 4092.
Note: Trying to resync...
Note: Hit end of (available) data during resync.
Aug 29 20:30 : mpg123: mpg123_getformat() failed: Message: I am done with this track.
Aug 29 20:30 : ffmpeg/mp3: Format mp3 detected only with low score of 1, misdetection possible!
Aug 29 20:30 : ffmpeg/mp3: Failed to read frame size: Could not seek to 5119.
Aug 29 20:30 : update: added Musicas Carro/01FrankSinatra/My Way.mp3
Aug 29 20:30 : update: added Musicas Carro/01FrankSinatra/More (Theme From Mondo Cane).mp3
Aug 29 20:30 : update: added Musicas Carro/01FrankSinatra/The Girl From Ipanema.mp3
Aug 29 20:30 : update: added Musicas Carro/01FrankSinatra/Ive Got My Love To Keep Me Warm.mp3
Aug 29 20:30 : update: added Musicas Carro/01FrankSinatra/Cycles.mp3
Aug 29 20:30 : update: added Musicas Carro/01FrankSinatra/Let's Fall In Love.mp3
Aug 29 20:30 : update: added Musicas Carro/01FrankSinatra/Ive Got You Under My Skin.mp3
Aug 29 20:30 : update: added Musicas Carro/01FrankSinatra/As Time Goes By.mp3
Aug 29 20:30 : update: added Musicas Carro/01FrankSinatra/Almost Like Being In Love.mp3
Aug 29 20:30 : update: added Musicas Carro/01FrankSinatra/You'd Be So Easy To Love.mp3
Aug 29 20:30 : update: added Musicas Carro/01FrankSinatra/Come Fly With Me (Live).mp3
Aug 29 20:30 : update: added Musicas Carro/01FrankSinatra/Cheek To Cheek.mp3
Aug 29 20:30 : update: added Musicas Carro/01FrankSinatra/Fly Me To The Moon.mp3
Aug 29 20:30 : update: added Musicas Carro/01FrankSinatra/Ol Macdonald.mp3
Aug 29 20:30 : update: added Musicas Carro/01FrankSinatra/Dont Change You Mind About Me.mp3
Aug 29 20:30 : update: added Musicas Carro/01FrankSinatra/New York, New York.mp3
Aug 29 20:30 : update: added Musicas Carro/01FrankSinatra/Summer Wind.mp3
Aug 29 20:30 : update: added Musicas Carro/01FrankSinatra/The Way You Look Tonight.mp3
Aug 29 20:30 : update: added Musicas Carro/01FrankSinatra/Blue Moon.mp3
Aug 29 20:30 : update: added Musicas Carro/He's Just Not That into You/09 You Make It Real.mp3
Aug 29 20:30 : update: added Musicas Carro/He's Just Not That into You/13 Smile.mp3
Aug 29 20:30 : update: added Musicas Carro/He's Just Not That into You/03 Don't You Want Me.mp3
Aug 29 20:30 : update: added Musicas Carro/He's Just Not That into You/04 Supernatural Superserious.mp3
Aug 29 20:30 : update: added Musicas Carro/He's Just Not That into You/10 If I Never See Your Face Again.mp3
Aug 29 20:30 : update: added Musicas Carro/He's Just Not That into You/02 I'm Amazed.mp3
Aug 29 20:30 : update: added Musicas Carro/He's Just Not That into You/14 I Must Be High.mp3
Aug 29 20:30 : update: added Musicas Carro/He's Just Not That into You/01 I'd Like to.mp3
Aug 29 20:30 : update: added Musicas Carro/He's Just Not That into You/05 Madly.mp3
Aug 29 20:30 : update: added Musicas Carro/He's Just Not That into You/15 Love, Save the Empty.mp3
Aug 29 20:30 : update: added Musicas Carro/He's Just Not That into You/14 Somewhere Only We Know.mp3
Aug 29 20:30 : update: added Musicas Carro/He's Just Not That into You/06 This Must Be the Place (Naive Melody).mp3
Aug 29 20:30 : update: added Musicas Carro/He's Just Not That into You/17 Last Goodbye.mp3
Aug 29 20:30 : update: added Musicas Carro/He's Just Not That into You/12 Fruit Machine.mp3
Aug 29 20:30 : update: added Musicas Carro/He's Just Not That into You/07 By Your Side.mp3
Aug 29 20:30 : update: added Musicas Carro/Anos 80/02 Sweet Dreams (Are Made of This).mp3
Aug 29 20:30 : update: added Musicas Carro/Anos 80/08 Easy Lover.mp3
Aug 29 20:30 : update: added Musicas Carro/Anos 80/07 Let It Whip.mp3
Aug 29 20:30 : update: added Musicas Carro/Anos 80/10 Something About You.mp3
Aug 29 20:30 : update: added Musicas Carro/Anos 80/02 Miami Vice Theme.mp3
Aug 29 20:30 : update: added Musicas Carro/Anos 80/04 Drive.mp3
Aug 29 20:30 : update: added Musicas Carro/Anos 80/02 Do You Really Want to Hurt Me.mp3
Aug 29 20:30 : update: added Musicas Carro/Anos 80/07 (I Just) Died In Your Arms.mp3
Aug 29 20:30 : update: added Musicas Carro/Anos 80/13 Heaven Is a Place on Earth.mp3
Aug 29 20:30 : update: added Musicas Carro/Anos 80/09 Everytime You Go Away.mp3
Aug 29 20:30 : update: added Musicas Carro/Anos 80/03 Dancing With Myself.mp3
Aug 29 20:30 : update: added Musicas Carro/Anos 80/17 No One Likes You.mp3
Aug 29 20:30 : update: added Musicas Carro/Anos 80/15 Turn Up the Radio.mp3
Aug 29 20:30 : update: added Musicas Carro/Anos 80/01 Love Is a Battlefield.mp3
Aug 29 20:30 : update: added Musicas Carro/Anos 80/03 She Drives Me Crazy.mp3
Aug 29 20:30 : update: added Musicas Carro/Anos 80/08 Your Love.mp3
Aug 29 20:30 : update: added Musicas Carro/Anos 80/10 Heat of the Moment.mp3
Aug 29 20:30 : update: added Musicas Carro/Anos 80/10 Footloose.mp3
Aug 29 20:30 : update: added Musicas Carro/Anos 80/11 Don't Worry Be Happy.mp3
Aug 29 20:30 : update: added Musicas Carro/Anos 80/03 We Belong.mp3
Aug 29 20:30 : update: added Musicas Carro/Anos 80/02 Shake You Down.mp3
Aug 29 20:30 : update: added Musicas Carro/Anos 80/11 Who Can It Be Now-.mp3
Aug 29 20:30 : update: added Musicas Carro/Anos 80/03 Hit Me With Your Best Shot.mp3
Aug 29 20:30 : update: added Musicas Carro/Anos 80/12 Keep Your Hands to Yourself.mp3
Aug 29 20:30 : update: added Musicas Carro/Anos 80/10 Eternal Flame.mp3
Aug 29 20:30 : update: added Musicas Carro/Anos 80/02 Sledgehammer.mp3
Aug 29 20:30 : update: added Musicas Carro/Anos 80/11 Heaven.mp3
Aug 29 20:30 : update: added Musicas Carro/Anos 80/08 Harden My Heart.mp3
Aug 29 20:30 : update: added Musicas Carro/Anos 80/04 Take on Me.mp3
Aug 29 20:30 : update: added Musicas Carro/Anos 80/10 The Lady in Red.mp3
Aug 29 20:30 : update: added Musicas Carro/Anos 80/13 True.mp3
Aug 29 20:30 : update: added Musicas Carro/Anos 80/03 You Belong to the City.mp3
Aug 29 20:30 : update: added Musicas Carro/Anos 80/15 Rock This Town.mp3
Aug 29 20:30 : update: added Musicas Carro/Anos 80/04 Devil Inside.mp3
Aug 29 20:30 : update: added Musicas Carro/Anos 80/12 Here I Go Again.mp3
Aug 29 20:30 : update: added Musicas Carro/Anos 80/01 Everybody Wants to Rule the World.mp3
Aug 29 20:30 : update: added Musicas Carro/Anos 80/17 Jessie's Girl.mp3
Aug 29 20:30 : update: added Musicas Carro/Anos 80/06 Nightshift.mp3
Aug 29 20:30 : update: added Musicas Carro/Anos 80/09 Luka.mp3
Aug 29 20:30 : update: added Musicas Carro/Anos 80/14 Broken Wings.mp3
Aug 29 20:30 : update: added Musicas Carro/Anos 80/05 Holding Back the Years.mp3
Aug 29 20:30 : update: added Musicas Carro/Anos 80/09 One Way or Another.mp3
Aug 29 20:30 : update: added Musicas Carro/09Transformers Dark of The Moon/08 Many of Horror.mp3
Aug 29 20:30 : update: added Musicas Carro/09Transformers Dark of The Moon/06 Get Thru This.mp3
Aug 29 20:30 : update: added Musicas Carro/09Transformers Dark of The Moon/11 Just Got Paid.mp3
Aug 29 20:30 : update: added Musicas Carro/09Transformers Dark of The Moon/10 Alive and Awake.mp3
Aug 29 20:30 : update: added Musicas Carro/09Transformers Dark of The Moon/02 Monster.mp3
Aug 29 20:30 : update: added Musicas Carro/09Transformers Dark of The Moon/07 All That You Are.mp3
Aug 29 20:30 : update: added Musicas Carro/09Transformers Dark of The Moon/Graveyard Dancing.mp3
Aug 29 20:30 : update: added Musicas Carro/Nightwish - Endless Forms Most Beautiful/04- Yours Is An Empty Hope.mp3
Aug 29 20:30 : update: added Musicas Carro/Nightwish - Endless Forms Most Beautiful/03 - Elan.mp3
Aug 29 20:30 : update: added Musicas Carro/Nightwish - Endless Forms Most Beautiful/11 - The Greatest Show on Earth.mp3
Aug 29 20:30 : update: added Musicas Carro/Nightwish - Endless Forms Most Beautiful/08 - Edema Ruh.mp3
Aug 29 20:30 : update: added Musicas Carro/Nightwish - Endless Forms Most Beautiful/02 - Weak Fantasy.mp3
Aug 29 20:30 : update: added Musicas Carro/Nightwish - Endless Forms Most Beautiful/07 - Endless Forms Most Beautiful.mp3
Aug 29 20:30 : update: added Musicas Carro/Nightwish - Endless Forms Most Beautiful/01 - Shudder Before The Beautiful.mp3
Aug 29 20:30 : update: added Musicas Carro/Nightwish - Endless Forms Most Beautiful/05 - Our Decades In The Sun.mp3
Aug 29 20:30 : update: added Musicas Carro/Nightwish - Endless Forms Most Beautiful/06 - My Walden.mp3
Aug 29 20:30 : update: added Musicas Carro/Nightwish - Endless Forms Most Beautiful/10 - Eyes Of Sharbat Gula.mp3
Aug 29 20:30 : update: added Musicas Carro/Nightwish - Endless Forms Most Beautiful/09 - Alpenglow.mp3
Aug 29 20:30 : update: added Musicas Carro/Revolution Saints/06 Dream On.mp3
Aug 29 20:30 : update: added Musicas Carro/Revolution Saints/11 How To Mend A Broken Heart.mp3
Aug 29 20:30 : update: added Musicas Carro/Revolution Saints/14 Way To The Sun (Doug Aldrich Version) (Bonus track).mp3
Aug 29 20:30 : update: added Musicas Carro/Revolution Saints/07 Don't Walk Away.mp3
Aug 29 20:30 : update: added Musicas Carro/Revolution Saints/08 Here Forever.mp3
Aug 29 20:30 : update: added Musicas Carro/Revolution Saints/05 Way To The Sun (feat. Neal Schon).mp3
Aug 29 20:30 : update: added Musicas Carro/Revolution Saints/04 Locked Out Of Paradise.mp3
Aug 29 20:30 : update: added Musicas Carro/Revolution Saints/09 Strangers To This Life.mp3
Aug 29 20:30 : update: added Musicas Carro/Revolution Saints/13 You're Not Alone (Arnel Pineda Version) (Bonus track).mp3
Aug 29 20:30 : update: added Musicas Carro/Revolution Saints/10 Better World.mp3
Aug 29 20:30 : update: added Musicas Carro/Revolution Saints/02 Turn Back Time.mp3
Aug 29 20:30 : update: added Musicas Carro/Revolution Saints/12 In The Name Of The Father (Fernando's Song).mp3
Aug 29 20:30 : update: added Musicas Carro/Revolution Saints/15 You're Not Alone (Deen Castronovo Version) (Bonus track).mp3
Aug 29 20:30 : update: added Musicas Carro/Revolution Saints/01 Back On My Trail.mp3
Aug 29 20:30 : update: added Musicas Carro/Revolution Saints/03 You're Not Alone (feat. Arnel Pineda).mp3
Aug 29 20:30 : update: added John Powell/Once There Were Dragons (from How to Train Your Dragon The Hidden World)  John Powell.mp3
Aug 29 20:30 : update: added Lynyrd Skynyrd/Lynyrd Skynyrd - Free Bird (Official Audio).mp3
Aug 29 20:30 : update: added Journey/Journey - Dont Stop Believin.mp3
Aug 29 20:30 : update: added Sugar Ray/into-yesterday.mp3
Aug 29 20:30 : update: added Howard Shore/The Lord of the Rings The Return of the King CR - 04 The Battle of the Pelennor Fields.mp3
Aug 29 20:30 : update: added Howard Shore/The Lord Of The Rings Orchestral Medley, 指輪物語 Der Herr der Ringe, O Senhor dos Anéis, 반지의 제왕 LOTR.mp3
Aug 29 20:30 : update: added Howard Shore/The Lord of the Rings - Soundtrack - Main theme (1).mp3
Aug 29 20:30 : update: added Richard Marx/Richard Marx - Now  Forever.mp3
Aug 29 20:30 : update: added Tears for Fears/Everybody Wants to Rule the World.mp3
Aug 29 20:30 : update: added James Arthur/James Arthur - Say You Wont Let Go.mp3
Aug 29 20:30 : update: added Paramore/Paramore Monster OFFICIAL VIDEO.mp3
Aug 29 20:30 : update: added Smash Mouth/All Star.mp3
Aug 29 20:30 : update: added Smash Mouth/Smash Mouth - Im A Believer (Audio).mp3
Aug 29 20:30 : update: added Bryan Adams/Please Forgive Me.mp3
Aug 29 20:30 : update: added Bryan Adams/Lets Make A Night To Remember.mp3
Aug 29 20:30 : update: added Wild Cherry/Wild Cherry - Play That Funky Music (Audio).mp3
Aug 29 20:30 : update: added Hans Zimmer/Interstellar - Main Theme - Hans Zimmer.mp3
Aug 29 20:30 : update: added Hans Zimmer/Hans Zimmer - Time (OST Inception)  Fingerstyle guitar.mp3
Aug 29 20:30 : update: added Hans Zimmer/Hans Zimmer - No Time For Caution Interstellar SoundtrackDockingInterstellar OST.mp3
Aug 29 20:30 : update: added Israel Kamakawiwo'ole/OFFICIAL Somewhere over the Rainbow - Israel IZ Kamakawiwoʻole.mp3
Aug 29 20:30 : update: added Rakuen/Build a Little World With Me.mp3
Aug 29 20:30 : update: added Rakuen/Rakuen Soundtrack - JumpEnding Credits Song (Laura Shigihara).mp3
Aug 29 20:30 : update: added Fire House/all-she-wrote.mp3
Aug 29 20:30 : update: added Fire House/dont-treat-me-bad-acoustic-version (1).mp3
Aug 29 20:30 : update: added Fire House/you-are-my-religion.mp3
Aug 29 20:30 : update: added /Life is a Highway.mp3
Aug 29 20:30 : update: added Billy Boyd/The Last Goodbye.mp3
Aug 29 20:30 : update: added Sergio Costa/INOCENCIA.mp3
Aug 29 20:30 : update: added Whitesnake/whitesnake-good-to-be-bad.mp3
Aug 29 20:30 : update: added Whitesnake/fool-for-your-loving.mp3
Aug 29 20:30 : update: added Whitesnake/love-aint-no-stranger-lyrics-hd.mp3
Aug 29 20:30 : update: added Bill Wurtz/long long long journey.mp3
Aug 29 20:30 : update: added Bill Wurtz/here comes the sun.mp3
Aug 29 20:30 : update: added Bill Wurtz/might-quit.mp3
Aug 29 20:30 : update: added Bill Wurtz/and the day goes on.mp3
Aug 29 20:30 : update: added Bill Wurtz/La de da de da de da de day oh.mp3
Aug 29 20:30 : update: added U2/with-or-without-you-remastered.mp3
Aug 29 20:30 : update: added U2/i-still-havent-found-what-im-looking-for-official-video.mp3
Aug 29 20:30 : update: added Boyzone/Boyzone - Words With Lyrics.mp3
Aug 29 20:30 : update: added Devil May Cry/bury-the-light.mp3
Aug 29 20:30 : update: added Coldplay/Coldplay - The Scientist.mp3
Aug 29 20:30 : update: added OneShot/OneShot - On Little Cat Feet (OLD).mp3
Aug 29 20:30 : update: added OneShot/OneShot OST (Solstice) - Encounter.mp3
Aug 29 20:30 : update: added OneShot/Sunrise - OneShot.mp3
Aug 29 20:30 : update: added OneShot/OneShot OST (Solstice) - Solstice.mp3
Aug 29 20:30 : update: added Hollow Knight/Nosk.mp3
Aug 29 20:30 : update: added Hollow Knight/Broken Vessel.mp3
Aug 29 20:30 : update: added Hollow Knight/Nightmare King.mp3
Aug 29 20:30 : update: added Hollow Knight/Mantis Lords.mp3
Aug 29 20:30 : update: added Hollow Knight/Dirtmouth.mp3
Aug 29 20:30 : update: added Hollow Knight/Gods and Glory.mp3
Aug 29 20:30 : update: added Hollow Knight/Dung Defender.mp3
Aug 29 20:30 : update: added Hollow Knight/Decisive Battle.mp3
Aug 29 20:30 : update: added Hollow Knight/White Defender.mp3
Aug 29 20:30 : update: added Hollow Knight/Hornet.mp3
Aug 29 20:30 : update: added Hollow Knight/Sealed Vessel.mp3
Aug 29 20:30 : update: added Hollow Knight/Troupe Leader Grimm.mp3
Aug 29 20:30 : update: added Hollow Knight/False Knight.mp3
Aug 29 20:30 : update: added Hollow Knight/Crystal Peak.mp3
Aug 29 20:30 : update: added Phill Collins/EasyLover.mp3
Aug 29 20:30 : update: added Redbone/Redbone - Come and Get Your Love Guardians of The Galaxy Soundtrack.mp3
Aug 29 20:30 : update: added Art of Dying/get-through-this-2007-official-video.mp3
Aug 29 20:30 : update: added Art of Dying/Acoustic Get Thru This.mp3
Aug 29 20:30 : update: added Mr. Big/take-cover-live-from-the-living-room (1).mp3
Aug 29 20:30 : update: added Mr. Big/the-whole-worlds-gonna-know.mp3
Aug 29 20:30 : update: added Pink Floyd/Pink Floyd - Wish You Were Here.mp3
Aug 29 20:30 : update: added Finding Paradise/TimeIsAPlace.mp3
Aug 29 20:30 : update: added Finding Paradise/Paradise.mp3
Aug 29 20:30 : update: added Finding Paradise/WishMyLifeAway.mp3
Aug 29 20:30 : update: added Finding Paradise/FayesTheme.mp3
Aug 29 20:30 : update: added Finding Paradise/TheFictionWeTellOurselves.mp3
Aug 29 20:30 : update: added Finding Paradise/TheScaleThemePianoCello.mp3
Aug 29 20:30 : update: added Roupa Nova/Roupa Nova - Sapato Velho.mp3
Aug 29 20:30 : update: added J/Love Dramatic.mp3
Aug 29 20:30 : update: added J/Giri Giri.mp3
Aug 29 20:30 : update: added J/Daddy Daddy Do.mp3
Aug 29 20:30 : update: added Patrik Pietschmann/Annis Ballad.mp3
Aug 29 20:30 : update: added Patrik Pietschmann/Violet Melody.mp3
Aug 29 20:30 : update: added Patrik Pietschmann/Planet Earth II.mp3
Aug 29 20:30 : update: added Patrik Pietschmann/The Lord of the Rings - Main Theme (Piano Version).mp3
Aug 29 20:30 : update: added Clamavi De Profundis/when_the_hammer_falls_clamavi_de_profundis_original_song_8291401655166404812.mp3
Aug 29 20:30 : update: added Clamavi De Profundis/the_battle_of_sauron_and_finrod_felagund_re_upload_clamavi_de_profundis_-5108711448354461971.mp3
Aug 29 20:30 : update: added Clamavi De Profundis/lament_for_boromir_clamavi_de_profundis_-5888087969562260873.mp3
Aug 29 20:30 : update: added Clamavi De Profundis/the_lament_for_the_rohirrim_clamavi_de_profundis_-1471917609610991666.mp3
Aug 29 20:30 : update: added Clamavi De Profundis/The Song of Durin.mp3
Aug 29 20:30 : update: added Clamavi De Profundis/Roads Go Ever On.mp3
Aug 29 20:30 : update: added Clamavi De Profundis/The King Beneath the Mountains.mp3
Aug 29 20:30 : update: added Clamavi De Profundis/The Song of Eärendil - Complete Edition - Clamavi De Profundis.mp3
Aug 29 20:30 : update: added Oasis/Wonderwall.mp3
Aug 29 20:30 : update: added Foster The People/Foster The People - Pumped Up Kicks (Official Video).mp3
Aug 29 20:30 : update: added /Emergence of Talents.mp3
Aug 29 20:30 : update: added To the Moon/To The Moon - For River.mp3
Aug 29 20:30 : update: added To the Moon/OnceUponAMemoryPiano.mp3
Aug 29 20:30 : update: added To the Moon/To The Moon - Main Theme.mp3
Aug 29 20:30 : update: added To the Moon/Moongazer.mp3
Aug 29 20:30 : update: added To the Moon/To The Moon - Once Upon a Memory.mp3
Aug 29 20:30 : update: added To the Moon/Everythings Alright.mp3
Aug 29 20:30 : update: added To the Moon/Launch.mp3
Aug 29 20:30 : update: added Dredg/bug-eyes.mp3
Aug 29 20:30 : update: added The Calling/The Calling - Wherever You Will Go.mp3
Aug 29 20:30 : update: added Bonnie Tyler/total-eclipse-of-the-heart.mp3
Aug 29 20:30 : update: added A Great Big World/A Great Big World  Christina Aguilera - Say Something.mp3
Aug 29 20:30 : update: added Peter Hollens/hobbit-drinking-medley.mp3
Aug 29 20:30 : update: added Incubus/Incubus - Drive.mp3
Aug 29 20:30 : update: added Biffy Clyro/Biffy Clyro - Many of Horror When We Collide Official Music Video.mp3
Aug 29 20:30 : update: added Edguy/nine-lives-hq-lyrics (1).mp3
Aug 29 20:30 : update: added Joan Osborne/one-of-us-legendas-portugues.mp3
Aug 29 20:30 : update: added Linkin Park/what-ive-done.mp3
Aug 29 20:30 : update: added Linkin Park/Numb Official Video - Linkin Park.mp3
Aug 29 20:30 : update: added Blind Guardian/Time Stands Still.mp3
Aug 29 20:30 : update: added Blind Guardian/Nightfall.mp3
Aug 29 20:30 : update: added Blind Guardian/Noldor.mp3
Aug 29 20:30 : update: added Revolution Saints/Revolution Saints - Back on My Trail Official  2015  Deen Castronovo Jack Blades Doug Aldrich.mp3
Aug 29 20:30 : update: added Bruno Mars/locked-out-of-heaven-traducao (1).mp3
Aug 29 20:30 : update: added Bruno Mars/marry-you.mp3
Aug 29 20:30 : update: added Bruno Mars/grenade-lyrics.mp3
Aug 29 20:30 : update: added Bruno Mars/Talking To The Moon   Bruno Mars Lyrics.mp3
Aug 29 20:30 : update: added Bruno Mars/bruno-mars-lyrics.mp3
Aug 29 20:30 : update: added Bruno Mars/Count on Me.mp3
Aug 29 20:30 : update: added Bruno Mars/young-girls-lyrics.mp3
Aug 29 20:30 : update: added Bruno Mars/the-lazy-song-official-video.mp3
Aug 29 20:30 : update: added Bruno Mars/When I was Your Man.mp3
Aug 29 20:30 : update: added Aerosmith/Dream On.mp3
Aug 29 20:30 : update: added The Outfield/YourLove.mp3
Aug 29 20:30 : update: added Imagine Dragons/Imagine Dragons - Believer (Audio).mp3
Aug 29 20:30 : update: added Imagine Dragons/Birds - Imagine Dragons.mp3
Aug 29 20:30 : update: added Imagine Dragons/Natural - Imagine Dragons.mp3
Aug 29 20:30 : update: added Imagine Dragons/It's Time - Imagine Dragons.mp3
Aug 29 20:30 : update: added /The Scientist Piano.mp3
Aug 29 20:30 : update: added Black Sabbath/cross-of-thorns.mp3
Aug 29 20:30 : update: added Nickelback/Nickelback - Photograph.mp3
Aug 29 20:30 : update: added Toms Mucenieks/Requiem for a Dream.mp3
Aug 29 20:30 : update: added Toms Mucenieks/My Heart Will Go On.mp3
Aug 29 20:30 : update: added Richard Blair Oliphant/How the Universe Works (Epilogue).mp3
Aug 29 20:30 : update: added God of War/GiantessOftheIronWood.mp3
Aug 29 20:30 : update: added God of War/blooduponthesnow.mp3
Aug 29 20:30 : update: added God of War/ASonsPath.mp3
Aug 29 20:30 : update: added God of War/GodOfWar.mp3
Aug 29 20:30 : update: added God of War/HuldraBrothers.mp3
Aug 29 20:30 : update: added God of War/Ashes (God Of War Soundtrack).mp3
Aug 29 20:30 : update: added God of War/GodOfWarRagnarok.mp3
Aug 29 20:30 : update: added God of War/RaebsLament.mp3
Aug 29 20:30 : update: added God of War/Vanaheim.mp3
Aug 29 20:30 : update: added God of War/Svartalfheim.mp3
Aug 29 20:30 : update: added God of War/TheDragon.mp3
Aug 29 20:30 : update: added Terraria Calamity/Terraria Calamity Mod Music - Return To Slime (featuring SixteenInMono) - Theme of The Slime God.mp3
Aug 29 20:30 : update: added Terraria Calamity/04. The Filthy Mind (ft. SixteenInMono).mp3
Aug 29 20:30 : update: added Terraria Calamity/33. Catastrophes before the calamity.mp3
Aug 29 20:30 : update: added Terraria Calamity/Stained Brutal Calamity.mp3
Aug 29 20:30 : update: added Terraria Calamity/Terraria Calamity Mod Music - Raw Unfiltered Calamity - Theme of Calamitas.mp3
Aug 29 20:30 : update: added Terraria Calamity/17. Storms before the catastrophes.mp3
Aug 29 20:30 : update: added Terraria Calamity/Terraria Calamity Mod Music - Roar of The Jungle Dragon - Theme of Jungle Dragon Yharon (Phase 2).mp3
Aug 29 20:30 : update: added Terraria Calamity/00. The Tale of a Cruel World.mp3
Aug 29 20:30 : update: added Terraria Calamity/Terraria Calamity Mod Music - Blood Coagulant (featuring SixteenInMono) - Theme of The Perforators.mp3
Aug 29 20:30 : update: added Terraria Calamity/Scourge of the Universe.mp3
Aug 29 20:30 : update: added Terraria Calamity/The Leviathan Trilogy.mp3
Aug 29 20:30 : update: added Terraria Calamity/Universal Collapse.mp3
Aug 29 20:30 : update: added Terraria Calamity/Terraria Calamity Mod Music - Unholy Ambush - Theme of The Profaned Guardians.mp3
Aug 29 20:30 : update: added Terraria Calamity/10. Silence before the storms.mp3
Aug 29 20:30 : update: added Terraria Calamity/Terraria Calamity Mod Music - Unholy Insurgency - Theme of Providence The Profaned God.mp3
Aug 29 20:30 : update: added Boston/more-than-a-feeling-hq (1).mp3
Aug 29 20:30 : update: added Celeste/starjump.mp3
Aug 29 20:30 : update: added Celeste/madelineandtheo.mp3
Aug 29 20:30 : update: added Celeste/Mirror Magic.mp3
Aug 29 20:30 : update: added Celeste/Celeste.mp3
Aug 29 20:30 : update: added Celeste/Quiet and Falling.mp3
Aug 29 20:30 : update: added Celeste/Confronting Myself.mp3
Aug 29 20:30 : update: added Celeste/Center of the Earth.mp3
Aug 29 20:30 : update: added Celeste/Golden Feather.mp3
Aug 29 20:30 : update: added Celeste/Heart of the Mountain.mp3
Aug 29 20:30 : update: added Celeste/First Steps.mp3
Aug 29 20:30 : update: added Celeste/Resurections.mp3
Aug 29 20:30 : update: added Celeste/Joy of Remembrance.mp3
Aug 29 20:30 : update: added Celeste/Scattered and Lost.mp3
Aug 29 20:30 : update: added Celeste/Reflection.mp3
Aug 29 20:30 : update: added Celeste/Beyond the Heart.mp3
Aug 29 20:30 : update: added Celeste/Black Moonrise.mp3
Aug 29 20:30 : update: added Celeste/In the Mirror.mp3
Aug 29 20:30 : update: added Celeste/Prologue.mp3
Aug 29 20:30 : update: added Celeste/Anxiety.mp3
Aug 29 20:30 : update: added Celeste/Little Goth.mp3
Aug 29 20:30 : update: added Celeste/Golden.mp3
Aug 29 20:30 : update: added Celeste/Fear of the Unknown.mp3
Aug 29 20:30 : update: added Celeste/Farewell.mp3
Aug 29 20:30 : update: added Skillet/Skillet - Awake and Alive.mp3
Aug 29 20:48 : player: played "Celeste/Heart of the Mountain.mp3"
Aug 29 20:48 : exception: Not playing
Aug 29 20:49 : player: played "Celeste/Heart of the Mountain.mp3"
Aug 29 20:49 : exception: Not playing
Aug 29 20:49 : player: played "Celeste/Center of the Earth.mp3"
Aug 29 20:49 : player: played "Celeste/Farewell.mp3"
Aug 29 20:49 : player: played "Celeste/Confronting Myself.mp3"
Aug 29 20:53 : player: played "Celeste/Confronting Myself.mp3"
Aug 29 21:04 : player: played "Israel Kamakawiwo'ole/OFFICIAL Somewhere over the Rainbow - Israel IZ Kamakawiwoʻole.mp3"
